<?xml version="1.0" encoding="UTF-8"?>
<!-- Generated by org.testng.reporters.JUnitXMLReporter -->
<testsuite hostname="DESKTOP-2NAMQF0" ignored="10" name="Test" tests="30" failures="1" timestamp="2022-12-10T13:03:28 IST" time="155.526" errors="0">
  <testcase name="verifyLogo" time="0.026" classname="com.restuarant.testcases.LoginPageTest"/>
  <testcase name="invalidLogin" time="4.035" classname="com.restuarant.testcases.LoginPageTest"/>
  <testcase name="invalidPassword" time="4.352" classname="com.restuarant.testcases.LoginPageTest"/>
  <testcase name="invalidUsername" time="4.052" classname="com.restuarant.testcases.LoginPageTest"/>
  <testcase name="blankUsername" time="4.206" classname="com.restuarant.testcases.LoginPageTest"/>
  <testcase name="blankPassword" time="3.353" classname="com.restuarant.testcases.LoginPageTest"/>
  <testcase name="blankUsernamePassword" time="3.464" classname="com.restuarant.testcases.LoginPageTest"/>
  <testcase name="login" time="7.086" classname="com.restuarant.testcases.LoginPageTest"/>
  <testcase name="language" time="5.221" classname="com.restuarant.testcases.HomePageTest"/>
  <testcase name="SelectLangEnglish" time="5.196" classname="com.restuarant.testcases.HomePageTest"/>
  <testcase name="products" time="6.674" classname="com.restuarant.testcases.HomePageTest"/>
  <testcase name="ShowDropDown" time="4.434" classname="com.restuarant.testcases.ProductsPageTest"/>
  <testcase name="SelectSupplier" time="3.798" classname="com.restuarant.testcases.ProductsPageTest"/>
  <testcase name="ViewProduct" time="6.348" classname="com.restuarant.testcases.ProductsPageTest">
    <failure type="java.lang.AssertionError" message="expected [TVM Apple shake] but found []">
      <![CDATA[java.lang.AssertionError: expected [TVM Apple shake] but found []
at com.restuarant.testcases.ProductsPageTest.ViewProduct(ProductsPageTest.java:60)
at java.util.ArrayList.forEach(Unknown Source)
... Removed 33 stack frames]]>
    </failure>
  </testcase> <!-- ViewProduct -->
  <testcase name="SelectAllSupplier" time="2.679" classname="com.restuarant.testcases.ProductsPageTest"/>
  <testcase name="SelectStore" time="5.451" classname="com.restuarant.testcases.StoresPageTest"/>
  <testcase name="SearchStore" time="3.247" classname="com.restuarant.testcases.StoresPageTest"/>
  <testcase name="ExpenseSearch" time="7.521" classname="com.restuarant.testcases.ExpensePageTest"/>
  <testcase name="addExpence" time="3.176" classname="com.restuarant.testcases.ExpensePageTest"/>
  <testcase name="searchExpence" time="0.28" classname="com.restuarant.testcases.ExpensePageTest"/>
  <testcase name="deleteExpence" time="18.526" classname="com.restuarant.testcases.ExpensePageTest"/>
  <testcase name="deleteExpenceCancel" time="18.402" classname="com.restuarant.testcases.ExpensePageTest"/>
  <testcase name="SalesSearch" time="1.142" classname="com.restuarant.testcases.SalesPageTest"/>
  <testcase name="SelectPeople" time="4.921" classname="com.restuarant.testcases.PeoplesPageTest"/>
  <testcase name="SearchWaiternotPresent" time="0.313" classname="com.restuarant.testcases.PeoplesPageTest"/>
  <testcase name="SearchWaiterPresent" time="3.341" classname="com.restuarant.testcases.PeoplesPageTest"/>
  <testcase name="SelectCustomer" time="4.951" classname="com.restuarant.testcases.PeoplesPageTest"/>
  <testcase name="SearchCustomernotPresent" time="3.281" classname="com.restuarant.testcases.PeoplesPageTest"/>
  <testcase name="SearchCustomerPresent" time="0.231" classname="com.restuarant.testcases.PeoplesPageTest"/>
  <testcase name="addNewCustomer" time="4.402" classname="com.restuarant.testcases.PeoplesPageTest"/>
  <testcase name="@BeforeTest beforemethod" time="0.0" classname="com.restuarant.base.BaseClass">
    <ignored/>
  </testcase> <!-- @BeforeTest beforemethod -->
  <testcase name="@BeforeTest beforemethod" time="0.0" classname="com.restuarant.base.BaseClass">
    <ignored/>
  </testcase> <!-- @BeforeTest beforemethod -->
  <testcase name="@BeforeTest beforemethod" time="0.0" classname="com.restuarant.base.BaseClass">
    <ignored/>
  </testcase> <!-- @BeforeTest beforemethod -->
  <testcase name="@BeforeTest beforemethod" time="0.0" classname="com.restuarant.base.BaseClass">
    <ignored/>
  </testcase> <!-- @BeforeTest beforemethod -->
  <testcase name="@BeforeTest beforemethod" time="0.0" classname="com.restuarant.base.BaseClass">
    <ignored/>
  </testcase> <!-- @BeforeTest beforemethod -->
  <testcase name="@AfterTest closebrowser" time="0.0" classname="com.restuarant.base.BaseClass">
    <ignored/>
  </testcase> <!-- @AfterTest closebrowser -->
  <testcase name="@AfterTest closebrowser" time="0.0" classname="com.restuarant.base.BaseClass">
    <ignored/>
  </testcase> <!-- @AfterTest closebrowser -->
  <testcase name="@AfterTest closebrowser" time="0.0" classname="com.restuarant.base.BaseClass">
    <ignored/>
  </testcase> <!-- @AfterTest closebrowser -->
  <testcase name="@AfterTest closebrowser" time="0.0" classname="com.restuarant.base.BaseClass">
    <ignored/>
  </testcase> <!-- @AfterTest closebrowser -->
  <testcase name="@AfterTest closebrowser" time="0.0" classname="com.restuarant.base.BaseClass">
    <ignored/>
  </testcase> <!-- @AfterTest closebrowser -->
</testsuite> <!-- Test -->
